{"contracts\\TestToken.sol":{"l":{"18":6,"19":6,"23":6,"27":0,"31":0,"32":0,"33":0},"path":"F:\\project\\blockchain\\test\\vesting_contracts\\contracts\\TestToken.sol","s":{"1":6,"2":6,"3":6,"4":0,"5":0,"6":0,"7":0},"b":{"1":[0,0]},"f":{"1":6,"2":6,"3":0,"4":0},"fnMap":{"1":{"name":"constructor","line":17,"loc":{"start":{"line":13,"column":4},"end":{"line":20,"column":4}}},"2":{"name":"decimals","line":22,"loc":{"start":{"line":22,"column":4},"end":{"line":24,"column":4}}},"3":{"name":"setupDecimals","line":26,"loc":{"start":{"line":26,"column":4},"end":{"line":28,"column":4}}},"4":{"name":"mint","line":30,"loc":{"start":{"line":30,"column":4},"end":{"line":34,"column":4}}}},"statementMap":{"1":{"start":{"line":18,"column":8},"end":{"line":18,"column":29}},"2":{"start":{"line":19,"column":8},"end":{"line":19,"column":55}},"3":{"start":{"line":23,"column":8},"end":{"line":23,"column":24}},"4":{"start":{"line":27,"column":8},"end":{"line":27,"column":29}},"5":{"start":{"line":31,"column":8},"end":{"line":31,"column":42}},"6":{"start":{"line":32,"column":8},"end":{"line":32,"column":26}},"7":{"start":{"line":33,"column":8},"end":{"line":33,"column":19}}},"branchMap":{"1":{"line":31,"type":"if","locations":[{"start":{"line":31,"column":8},"end":{"line":31,"column":8}},{"start":{"line":31,"column":8},"end":{"line":31,"column":8}}]}}},"contracts\\Vesting.sol":{"l":{"39":3,"40":3,"41":3,"42":3,"43":3,"55":1,"59":1,"66":4,"73":1,"80":0,"87":2,"96":1,"97":1,"98":0,"99":0,"100":0,"101":0,"102":0,"111":1,"112":1,"113":1,"114":1,"115":1,"116":1,"117":1,"124":0,"131":1,"139":1,"140":0,"142":1,"144":0},"path":"F:\\project\\blockchain\\test\\vesting_contracts\\contracts\\Vesting.sol","s":{"1":3,"2":3,"3":3,"4":3,"5":3,"6":1,"7":1,"8":4,"9":1,"10":0,"11":2,"12":1,"13":1,"14":0,"15":0,"16":0,"17":0,"18":0,"19":1,"20":1,"21":1,"22":1,"23":1,"24":1,"25":1,"26":0,"27":1,"28":1,"29":0,"30":1,"31":1,"32":0},"b":{"1":[3,0],"2":[1,0],"3":[0,1],"4":[1,0],"5":[1,0],"6":[0,1],"7":[1,0]},"f":{"1":3,"2":1,"3":1,"4":4,"5":1,"6":0,"7":2,"8":1,"9":1,"10":0,"11":1,"12":1},"fnMap":{"1":{"name":"constructor","line":33,"loc":{"start":{"line":33,"column":4},"end":{"line":44,"column":4}}},"2":{"name":"beneficiary","line":54,"loc":{"start":{"line":54,"column":4},"end":{"line":56,"column":4}}},"3":{"name":"getBalance","line":58,"loc":{"start":{"line":58,"column":4},"end":{"line":60,"column":4}}},"4":{"name":"start","line":65,"loc":{"start":{"line":65,"column":4},"end":{"line":67,"column":4}}},"5":{"name":"duration","line":72,"loc":{"start":{"line":72,"column":4},"end":{"line":74,"column":4}}},"6":{"name":"released","line":79,"loc":{"start":{"line":79,"column":4},"end":{"line":81,"column":4}}},"7":{"name":"released","line":86,"loc":{"start":{"line":86,"column":4},"end":{"line":88,"column":4}}},"8":{"name":"release","line":95,"loc":{"start":{"line":95,"column":4},"end":{"line":103,"column":4}}},"9":{"name":"releaseToken","line":110,"loc":{"start":{"line":110,"column":4},"end":{"line":118,"column":4}}},"10":{"name":"vestedAmount","line":123,"loc":{"start":{"line":123,"column":4},"end":{"line":125,"column":4}}},"11":{"name":"vestedAmount","line":130,"loc":{"start":{"line":130,"column":4},"end":{"line":132,"column":4}}},"12":{"name":"_vestingSchedule","line":138,"loc":{"start":{"line":138,"column":4},"end":{"line":146,"column":4}}}},"statementMap":{"1":{"start":{"line":39,"column":8},"end":{"line":39,"column":94}},"2":{"start":{"line":40,"column":8},"end":{"line":40,"column":40}},"3":{"start":{"line":41,"column":8},"end":{"line":41,"column":30}},"4":{"start":{"line":42,"column":8},"end":{"line":42,"column":34}},"5":{"start":{"line":43,"column":8},"end":{"line":43,"column":34}},"6":{"start":{"line":55,"column":8},"end":{"line":55,"column":27}},"7":{"start":{"line":59,"column":8},"end":{"line":59,"column":36}},"8":{"start":{"line":66,"column":8},"end":{"line":66,"column":21}},"9":{"start":{"line":73,"column":8},"end":{"line":73,"column":24}},"10":{"start":{"line":80,"column":8},"end":{"line":80,"column":24}},"11":{"start":{"line":87,"column":8},"end":{"line":87,"column":36}},"12":{"start":{"line":96,"column":8},"end":{"line":96,"column":90}},"13":{"start":{"line":97,"column":8},"end":{"line":97,"column":104}},"14":{"start":{"line":98,"column":8},"end":{"line":98,"column":79}},"15":{"start":{"line":99,"column":8},"end":{"line":99,"column":30}},"16":{"start":{"line":100,"column":8},"end":{"line":100,"column":43}},"17":{"start":{"line":101,"column":8},"end":{"line":101,"column":38}},"18":{"start":{"line":102,"column":8},"end":{"line":102,"column":60}},"19":{"start":{"line":111,"column":8},"end":{"line":111,"column":90}},"20":{"start":{"line":112,"column":8},"end":{"line":112,"column":104}},"21":{"start":{"line":113,"column":8},"end":{"line":113,"column":91}},"22":{"start":{"line":114,"column":8},"end":{"line":114,"column":42}},"23":{"start":{"line":115,"column":8},"end":{"line":115,"column":43}},"24":{"start":{"line":116,"column":8},"end":{"line":116,"column":45}},"25":{"start":{"line":117,"column":8},"end":{"line":117,"column":71}},"26":{"start":{"line":124,"column":8},"end":{"line":124,"column":78}},"27":{"start":{"line":131,"column":8},"end":{"line":131,"column":100}},"28":{"start":{"line":139,"column":8},"end":{"line":139,"column":5375}},"29":{"start":{"line":140,"column":12},"end":{"line":140,"column":20}},"30":{"start":{"line":141,"column":15},"end":{"line":141,"column":5441}},"31":{"start":{"line":142,"column":12},"end":{"line":142,"column":34}},"32":{"start":{"line":144,"column":12},"end":{"line":144,"column":73}}},"branchMap":{"1":{"line":39,"type":"if","locations":[{"start":{"line":39,"column":8},"end":{"line":39,"column":8}},{"start":{"line":39,"column":8},"end":{"line":39,"column":8}}]},"2":{"line":96,"type":"if","locations":[{"start":{"line":96,"column":8},"end":{"line":96,"column":8}},{"start":{"line":96,"column":8},"end":{"line":96,"column":8}}]},"3":{"line":97,"type":"if","locations":[{"start":{"line":97,"column":8},"end":{"line":97,"column":8}},{"start":{"line":97,"column":8},"end":{"line":97,"column":8}}]},"4":{"line":111,"type":"if","locations":[{"start":{"line":111,"column":8},"end":{"line":111,"column":8}},{"start":{"line":111,"column":8},"end":{"line":111,"column":8}}]},"5":{"line":112,"type":"if","locations":[{"start":{"line":112,"column":8},"end":{"line":112,"column":8}},{"start":{"line":112,"column":8},"end":{"line":112,"column":8}}]},"6":{"line":139,"type":"if","locations":[{"start":{"line":139,"column":8},"end":{"line":139,"column":8}},{"start":{"line":139,"column":8},"end":{"line":139,"column":8}}]},"7":{"line":141,"type":"if","locations":[{"start":{"line":141,"column":15},"end":{"line":141,"column":15}},{"start":{"line":141,"column":15},"end":{"line":141,"column":15}}]}}}}